{"level":"error","message":"Thêm log tự động thất bại: khangpqse03624@fpt.edu.vn 84909909909 add 1500744766350 Thêm một node mới","timestamp":"12:32:46 AM"}
{"level":"error","message":"Thêm log tự động thất bại: khangpqse03624@fpt.edu.vn 84909909909 add 1500744766385 Thêm một node mới","timestamp":"12:32:46 AM"}
{"level":"error","message":"Thêm log tự động thất bại: khangpqse03624@fpt.edu.vn 84909999000 add 1500744881723 Thêm một node mới","timestamp":"12:34:41 AM"}
{"level":"error","message":"Thêm log tự động thất bại: khangpqse03624@fpt.edu.vn 84909999000 add 1500744881724 Thêm một node mới","timestamp":"12:34:41 AM"}
{"level":"error","message":"Không tồn tại người dùng trong hệ thống","timestamp":"12:56:17 AM"}
{"level":"error","message":"Không tồn tại người dùng trong hệ thống","timestamp":"12:57:49 AM"}
{"level":"error","message":"Dữ liệu đẩy lên không hợp lệ","timestamp":"1:00:08 AM"}
{"level":"error","message":"Dữ liệu đẩy lên không hợp lệ","timestamp":"1:00:49 AM"}
{"level":"error","message":"Không tồn tại người dùng trong hệ thống","timestamp":"1:00:49 AM"}
{"level":"error","message":"Dữ liệu không hợp lệ","timestamp":"1:04:17 AM"}
{"level":"error","message":"Không tồn tại người dùng trong hệ thống","timestamp":"1:04:17 AM"}
{"level":"error","message":"Dữ liệu không hợp lệ","timestamp":"1:04:18 AM"}
{"level":"error","message":"Không tồn tại người dùng trong hệ thống","timestamp":"1:04:19 AM"}
{"level":"error","message":"Dữ liệu không hợp lệ","timestamp":"1:04:20 AM"}
{"level":"error","message":"Không tồn tại người dùng trong hệ thống","timestamp":"1:04:20 AM"}
{"level":"error","message":"Dữ liệu không hợp lệ","timestamp":"1:04:30 AM"}
{"level":"error","message":"Không tồn tại người dùng trong hệ thống","timestamp":"1:04:30 AM"}
{"level":"error","message":"Dữ liệu không hợp lệ","timestamp":"1:04:37 AM"}
{"level":"error","message":"Không tồn tại người dùng trong hệ thống","timestamp":"1:04:37 AM"}
{"level":"error","message":"Dữ liệu không hợp lệ","timestamp":"1:06:37 AM"}
{"level":"error","message":"Không tồn tại người dùng trong hệ thống","timestamp":"1:06:37 AM"}
{"level":"error","message":"Dữ liệu không hợp lệ","timestamp":"1:09:08 AM"}
{"level":"error","message":"Không tồn tại người dùng trong hệ thống","timestamp":"1:09:09 AM"}
{"level":"error","message":"Dữ liệu không hợp lệ","timestamp":"1:10:13 AM"}
{"level":"error","message":"Không tồn tại người dùng trong hệ thống","timestamp":"1:10:14 AM"}
{"level":"error","message":"Dữ liệu không hợp lệ","timestamp":"1:10:28 AM"}
{"level":"error","message":"Dữ liệu không hợp lệ undefined 84969312432 schedule 2017-07-18T06:54:07.416Z Hẹn giờ mở node từ 12h30 đến 12h33 các ngày thứ 2 thứ 3 thứ 4 thứ 5","timestamp":"1:12:56 AM"}
